<?xml version="1.0" encoding="UTF-8"?>
<!-- Generated by org.testng.reporters.JUnitReportReporter -->
<testsuite hostname="DESKTOP-R5NPD3S" failures="0" tests="1" name="pack.AppTest" time="0.015" errors="0" timestamp="25 May 2022 04:43:08 GMT" skipped="0">
  <testcase classname="pack.AppTest" name="shouldAnswerWithTrue" time="0.015"/>
</testsuite> <!-- pack.AppTest -->
